2014-10-27 16:17:31,867 INFO  [Log] Opening browser 
2014-10-27 16:18:09,161 INFO  [Log] Opening browser 
2014-10-27 16:20:31,262 INFO  [Log] Opening browser 
2014-10-27 16:37:37,507 INFO  [Log] Opening browser 
2014-10-27 16:55:01,691 INFO  [Log] Opening browser 
2014-10-27 16:55:08,510 INFO  [Log] maximize window 
2014-10-27 16:55:08,541 INFO  [Log] navigate to website 
2014-10-27 16:55:10,025 INFO  [Log] entering the username 
2014-10-27 16:55:10,135 INFO  [Log] entering the password 
2014-10-27 16:55:10,213 INFO  [Log] click on element btn_Login 
2014-10-27 16:55:21,528 INFO  [Log] wait for 8 seconds 
2014-10-27 16:55:29,536 INFO  [Log] closing the ad pop-up 
2014-10-27 16:55:29,792 INFO  [Log] click on element btn_Logout 
2014-10-27 16:55:32,261 INFO  [Log] closing the browser 
2014-10-27 16:59:56,024 INFO  [Log] Opening browser 
2014-10-27 17:00:09,340 INFO  [Log] maximize window 
2014-10-27 17:00:09,373 INFO  [Log] navigate to website 
2014-10-27 17:00:14,160 INFO  [Log] entering the username 
2014-10-27 17:00:14,253 INFO  [Log] entering the password 
2014-10-27 17:00:16,926 INFO  [Log] click on element btn_Login 
2014-10-27 17:00:27,424 INFO  [Log] wait for 8 seconds 
2014-10-27 17:00:35,430 INFO  [Log] closing the ad pop-up 
2014-10-27 17:00:35,563 INFO  [Log] click on element btn_Logout 
2014-10-27 17:00:35,800 INFO  [Log] closing the browser 
2014-10-28 15:11:23,419 INFO  [Log] Opening browser 
2014-10-28 15:12:12,351 INFO  [Log] maximize window 
2014-10-28 15:12:12,606 INFO  [Log] navigate to website 
2014-10-28 15:12:20,238 INFO  [Log] entering the username 
2014-10-28 15:12:21,729 INFO  [Log] entering the password 
2014-10-28 15:12:21,833 INFO  [Log] click on element btn_Login 
2014-10-28 15:12:41,690 INFO  [Log] wait for 8 seconds 
2014-10-28 15:12:49,705 INFO  [Log] closing the ad pop-up 
2014-10-28 15:12:49,874 INFO  [Log] click on element btn_Logout 
2014-10-28 15:12:50,268 INFO  [Log] closing the browser 
2014-10-28 15:12:51,389 ERROR [Log] Class Utils | Method getCellData | Exception desc : null 
2014-10-28 15:12:51,389 ERROR [Log] Class Utils | Method getCellData | Exception desc : null 
2014-10-28 17:00:21,451 INFO  [Log] ***************************************************** 
2014-10-28 17:00:21,545 INFO  [Log] ***************************************************** 
2014-10-28 17:00:21,545 INFO  [Log] ++++++++++      Login_01      ++++++++++++++ 
2014-10-28 17:00:21,545 INFO  [Log] ***************************************************** 
2014-10-28 17:00:21,545 INFO  [Log] ***************************************************** 
2014-10-28 17:00:21,545 INFO  [Log] Opening browser 
2014-10-28 17:00:45,094 INFO  [Log] XXXXXXXXXXXXXXXXXXXXXXX             -E---N---D-             XXXXXXXXXXXXXXXXXXXXXX 
2014-10-28 17:00:45,094 ERROR [Log] Class Utils | Method getCellData | Exception desc : null 
2014-10-28 17:00:45,094 ERROR [Log] Class Utils | Method getCellData | Exception desc : null 
2014-10-28 17:06:59,128 INFO  [Log] ***************************************************** 
2014-10-28 17:06:59,128 INFO  [Log] ***************************************************** 
2014-10-28 17:06:59,128 INFO  [Log] ++++++++++      Login_01      ++++++++++++++ 
2014-10-28 17:06:59,128 INFO  [Log] ***************************************************** 
2014-10-28 17:06:59,128 INFO  [Log] ***************************************************** 
2014-10-28 17:06:59,128 INFO  [Log] Opening browser 
2014-10-28 17:07:04,133 INFO  [Log] maximize window 
2014-10-28 17:07:04,243 INFO  [Log] navigate to website 
2014-10-28 17:07:09,320 INFO  [Log] entering the username 
2014-10-28 17:07:09,492 INFO  [Log] entering the password 
2014-10-28 17:07:09,992 INFO  [Log] click on element btn_Login 
2014-10-28 17:07:18,678 INFO  [Log] wait for 8 seconds 
2014-10-28 17:07:26,745 INFO  [Log] closing the ad pop-up 
2014-10-28 17:07:26,918 INFO  [Log] click on element btn_Logout 
2014-10-28 17:07:28,214 INFO  [Log] closing the browser 
2014-10-28 17:07:28,821 INFO  [Log] XXXXXXXXXXXXXXXXXXXXXXX             -E---N---D-             XXXXXXXXXXXXXXXXXXXXXX 
2014-10-28 17:07:28,822 ERROR [Log] Class Utils | Method getCellData | Exception desc : null 
2014-10-28 17:07:28,822 ERROR [Log] Class Utils | Method getCellData | Exception desc : null 
2014-10-28 17:11:47,415 INFO  [Log] ***************************************************** 
2014-10-28 17:11:47,415 INFO  [Log] ***************************************************** 
2014-10-28 17:11:47,415 INFO  [Log] ++++++++++      Login_01      ++++++++++++++ 
2014-10-28 17:11:47,415 INFO  [Log] ***************************************************** 
2014-10-28 17:11:47,415 INFO  [Log] ***************************************************** 
2014-10-28 17:11:47,415 INFO  [Log] Opening browser 
2014-10-28 17:11:51,693 INFO  [Log] maximize window 
2014-10-28 17:11:51,772 INFO  [Log] navigate to website 
2014-10-28 17:11:53,678 INFO  [Log] entering the username 
2014-10-28 17:11:53,803 INFO  [Log] entering the password 
2014-10-28 17:11:54,162 INFO  [Log] click on element btn_Login 
2014-10-28 17:12:02,181 INFO  [Log] wait for 8 seconds 
2014-10-28 17:12:10,230 INFO  [Log] closing the ad pop-up 
2014-10-28 17:12:10,540 INFO  [Log] click on element btn_Logout 
2014-10-28 17:12:12,470 INFO  [Log] closing the browser 
2014-10-28 17:12:12,892 INFO  [Log] XXXXXXXXXXXXXXXXXXXXXXX             -E---N---D-             XXXXXXXXXXXXXXXXXXXXXX 
2014-10-28 17:12:12,892 ERROR [Log] Class Utils | Method getCellData | Exception desc : null 
2014-10-28 17:12:12,892 ERROR [Log] Class Utils | Method getCellData | Exception desc : null 
2014-10-28 17:57:43,087 INFO  [Log] ***************************************************** 
2014-10-28 17:57:43,087 INFO  [Log] ***************************************************** 
2014-10-28 17:57:43,087 INFO  [Log] ++++++++++      Login_01      ++++++++++++++ 
2014-10-28 17:57:43,087 INFO  [Log] ***************************************************** 
2014-10-28 17:57:43,087 INFO  [Log] ***************************************************** 
2014-10-28 18:07:50,857 INFO  [Log] ***************************************************** 
2014-10-28 18:07:50,857 INFO  [Log] ***************************************************** 
2014-10-28 18:07:50,857 INFO  [Log] ++++++++++      Login_01      ++++++++++++++ 
2014-10-28 18:07:50,857 INFO  [Log] ***************************************************** 
2014-10-28 18:07:50,857 INFO  [Log] ***************************************************** 
2014-10-28 18:07:50,857 INFO  [Log] Opening browser 
2014-10-28 18:07:55,401 INFO  [Log] XXXXXXXXXXXXXXXXXXXXXXX             -E---N---D-             XXXXXXXXXXXXXXXXXXXXXX 
2014-10-28 18:07:55,401 ERROR [Log] Class Utils | Method getCellData | Exception desc : null 
2014-10-28 18:07:55,401 ERROR [Log] Class Utils | Method getCellData | Exception desc : null 
2014-10-28 18:10:38,730 INFO  [Log] ***************************************************** 
2014-10-28 18:10:38,730 INFO  [Log] ***************************************************** 
2014-10-28 18:10:38,730 INFO  [Log] ++++++++++      Login_01      ++++++++++++++ 
2014-10-28 18:10:38,730 INFO  [Log] ***************************************************** 
2014-10-28 18:10:38,730 INFO  [Log] ***************************************************** 
2014-10-28 18:10:38,730 INFO  [Log] Opening browser 
2014-10-28 18:10:43,584 INFO  [Log] maximize window 
2014-10-28 18:10:43,662 INFO  [Log] navigate to website 
2014-10-28 18:10:45,178 INFO  [Log] entering the text txtbx_UserName 
2014-10-28 18:10:45,318 INFO  [Log] entering the text txtbx_Password 
2014-10-28 18:10:45,849 INFO  [Log] click on element btn_Login 
2014-10-28 18:10:55,047 INFO  [Log] wait for 8 seconds 
2014-10-28 18:11:03,095 INFO  [Log] closing the ad pop-up 
2014-10-28 18:11:03,564 INFO  [Log] click on element btn_Logout 
2014-10-28 18:11:05,674 INFO  [Log] closing the browser 
2014-10-28 18:11:06,111 INFO  [Log] XXXXXXXXXXXXXXXXXXXXXXX             -E---N---D-             XXXXXXXXXXXXXXXXXXXXXX 
2014-10-28 18:11:06,111 ERROR [Log] Class Utils | Method getCellData | Exception desc : null 
2014-10-28 18:11:06,111 ERROR [Log] Class Utils | Method getCellData | Exception desc : null 
2014-10-29 12:52:47,039 INFO  [Log] ***************************************************** 
2014-10-29 12:52:47,098 INFO  [Log] ***************************************************** 
2014-10-29 12:52:47,098 INFO  [Log] ++++++++++      Login_01      ++++++++++++++ 
2014-10-29 12:52:47,098 INFO  [Log] ***************************************************** 
2014-10-29 12:52:47,098 INFO  [Log] ***************************************************** 
2014-10-29 12:52:47,724 INFO  [Log] XXXXXXXXXXXXXXXXXXXXXXX             -E---N---D-             XXXXXXXXXXXXXXXXXXXXXX 
2014-10-29 12:52:47,724 ERROR [Log] Class Utils | Method getCellData | Exception desc : null 
2014-10-29 12:52:47,724 ERROR [Log] Class Utils | Method getCellData | Exception desc : null 
2014-10-29 12:54:04,408 INFO  [Log] ***************************************************** 
2014-10-29 12:54:04,408 INFO  [Log] ***************************************************** 
2014-10-29 12:54:04,408 INFO  [Log] ++++++++++      Login_01      ++++++++++++++ 
2014-10-29 12:54:04,408 INFO  [Log] ***************************************************** 
2014-10-29 12:54:04,408 INFO  [Log] ***************************************************** 
2014-10-29 12:54:04,408 INFO  [Log] Opening browser 
2014-10-29 12:54:23,210 INFO  [Log] XXXXXXXXXXXXXXXXXXXXXXX             -E---N---D-             XXXXXXXXXXXXXXXXXXXXXX 
2014-10-29 12:54:23,210 ERROR [Log] Class Utils | Method getCellData | Exception desc : null 
2014-10-29 12:54:23,210 ERROR [Log] Class Utils | Method getCellData | Exception desc : null 
2014-10-29 12:54:54,904 INFO  [Log] ***************************************************** 
2014-10-29 12:54:54,904 INFO  [Log] ***************************************************** 
2014-10-29 12:54:54,904 INFO  [Log] ++++++++++      Login_01      ++++++++++++++ 
2014-10-29 12:54:54,904 INFO  [Log] ***************************************************** 
2014-10-29 12:54:54,904 INFO  [Log] ***************************************************** 
2014-10-29 12:54:54,904 INFO  [Log] Opening browser 
2014-10-29 12:54:59,635 INFO  [Log] XXXXXXXXXXXXXXXXXXXXXXX             -E---N---D-             XXXXXXXXXXXXXXXXXXXXXX 
2014-10-29 12:54:59,635 ERROR [Log] Class Utils | Method getCellData | Exception desc : null 
2014-10-29 12:54:59,635 ERROR [Log] Class Utils | Method getCellData | Exception desc : null 
2014-10-29 12:57:14,129 INFO  [Log] ***************************************************** 
2014-10-29 12:57:14,129 INFO  [Log] ***************************************************** 
2014-10-29 12:57:14,129 INFO  [Log] ++++++++++      Login_01      ++++++++++++++ 
2014-10-29 12:57:14,129 INFO  [Log] ***************************************************** 
2014-10-29 12:57:14,129 INFO  [Log] ***************************************************** 
2014-10-29 12:57:14,129 INFO  [Log] Opening browser 
2014-10-29 12:57:18,374 INFO  [Log] XXXXXXXXXXXXXXXXXXXXXXX             -E---N---D-             XXXXXXXXXXXXXXXXXXXXXX 
2014-10-29 12:57:18,374 ERROR [Log] Class Utils | Method getCellData | Exception desc : null 
2014-10-29 12:57:18,374 ERROR [Log] Class Utils | Method getCellData | Exception desc : null 
2014-10-29 12:58:40,636 INFO  [Log] ***************************************************** 
2014-10-29 12:58:40,636 INFO  [Log] ***************************************************** 
2014-10-29 12:58:40,636 INFO  [Log] ++++++++++      Login_01      ++++++++++++++ 
2014-10-29 12:58:40,636 INFO  [Log] ***************************************************** 
2014-10-29 12:58:40,636 INFO  [Log] ***************************************************** 
2014-10-29 12:58:40,636 INFO  [Log] Opening browser 
2014-10-29 12:58:45,829 INFO  [Log] maximize window 
2014-10-29 12:58:45,986 INFO  [Log] navigate to website 
2014-10-29 12:58:47,713 INFO  [Log] entering the text txtbx_UserName 
2014-10-29 12:58:47,916 INFO  [Log] entering the text txtbx_Password 
2014-10-29 12:58:48,260 INFO  [Log] click on element btn_Login 
2014-10-29 12:58:58,923 INFO  [Log] wait for 8 seconds 
2014-10-29 12:59:06,991 INFO  [Log] closing the ad pop-up 
2014-10-29 12:59:07,381 INFO  [Log] click on element btn_Logout 
2014-10-29 12:59:09,190 INFO  [Log] closing the browser 
2014-10-29 12:59:09,616 INFO  [Log] XXXXXXXXXXXXXXXXXXXXXXX             -E---N---D-             XXXXXXXXXXXXXXXXXXXXXX 
2014-10-29 12:59:09,616 ERROR [Log] Class Utils | Method getCellData | Exception desc : null 
2014-10-29 12:59:09,616 ERROR [Log] Class Utils | Method getCellData | Exception desc : null 
2014-10-29 13:59:29,962 INFO  [Log] ***************************************************** 
2014-10-29 13:59:29,962 INFO  [Log] ***************************************************** 
2014-10-29 13:59:29,962 INFO  [Log] ++++++++++      Login_01      ++++++++++++++ 
2014-10-29 13:59:29,962 INFO  [Log] ***************************************************** 
2014-10-29 13:59:29,962 INFO  [Log] ***************************************************** 
2014-10-29 13:59:29,962 INFO  [Log] Opening browser 
2014-10-29 13:59:41,216 INFO  [Log] maximize window 
2014-10-29 13:59:41,297 INFO  [Log] navigate to website 
2014-10-29 13:59:45,531 INFO  [Log] entering the text txtbx_UserName 
2014-10-29 13:59:45,727 INFO  [Log] entering the text txtbx_Password 
2014-10-29 13:59:46,132 INFO  [Log] click on element btn_Login 
2014-10-29 13:59:54,661 INFO  [Log] wait for 8 seconds 
2014-10-29 14:00:02,728 INFO  [Log] closing the ad pop-up 
2014-10-29 14:00:03,298 INFO  [Log] click on element btn_Logout 
2014-10-29 14:00:05,326 INFO  [Log] closing the browser 
2014-10-29 14:00:05,971 INFO  [Log] XXXXXXXXXXXXXXXXXXXXXXX             -E---N---D-             XXXXXXXXXXXXXXXXXXXXXX 
2014-10-29 14:00:05,973 ERROR [Log] Class Utils | Method getCellData | Exception desc : null 
2014-10-29 14:00:05,973 ERROR [Log] Class Utils | Method getCellData | Exception desc : null 
